<?xml version="1.0" encoding="UTF-8"?>
<!-- Generated by org.testng.reporters.JUnitXMLReporter -->
<testsuite hostname="CLLK-AKILAT" ignored="26" name="Default test" tests="1" failures="0" timestamp="09 Sep 2019 07:27:25 GMT" time="11.617" errors="0">
  <testcase name="Q3_RegistrationForm_PersonalDataPage_ErrorValidationForEmptyFirstName" time="11.574" classname="Question3.Question3_TestClass"/>
  <testcase name="Q3_RegistrationForm_UserInfrorationPage_VerifyTheValiedUserName" time="0.0" classname="Question3.Question3_TestClass">
    <ignored/>
  </testcase> <!-- Q3_RegistrationForm_UserInfrorationPage_VerifyTheValiedUserName -->
  <testcase name="Q3_RegistrationForm_ContactDetailsPage_ErrorValidationForEmptyMobileNumber" time="0.0" classname="Question3.Question3_TestClass">
    <ignored/>
  </testcase> <!-- Q3_RegistrationForm_ContactDetailsPage_ErrorValidationForEmptyMobileNumber -->
  <testcase name="Q3_RegistrationForm_PersonalDataPage_ErrorValidationForInvaliedLastName" time="0.0" classname="Question3.Question3_TestClass">
    <ignored/>
  </testcase> <!-- Q3_RegistrationForm_PersonalDataPage_ErrorValidationForInvaliedLastName -->
  <testcase name="Q3_RegistrationForm_ContactDetailsPage_VerifyTheValiedEmailAddress" time="0.0" classname="Question3.Question3_TestClass">
    <ignored/>
  </testcase> <!-- Q3_RegistrationForm_ContactDetailsPage_VerifyTheValiedEmailAddress -->
  <testcase name="Q3_RegistrationForm_UserInfrorationPage_VerifyPasswordValidation" time="0.0" classname="Question3.Question3_TestClass">
    <ignored/>
  </testcase> <!-- Q3_RegistrationForm_UserInfrorationPage_VerifyPasswordValidation -->
  <testcase name="Q3_RegistrationForm_UserInfrorationPage_ErrorValidationForEmptyPassword" time="0.0" classname="Question3.Question3_TestClass">
    <ignored/>
  </testcase> <!-- Q3_RegistrationForm_UserInfrorationPage_ErrorValidationForEmptyPassword -->
  <testcase name="Q3_RegistrationForm_PersonalDataPage_ErrorValidationForInvaliedFirstName" time="0.0" classname="Question3.Question3_TestClass">
    <ignored/>
  </testcase> <!-- Q3_RegistrationForm_PersonalDataPage_ErrorValidationForInvaliedFirstName -->
  <testcase name="Q3_RegistrationForm_UserInformtionPage_PageLoading" time="0.0" classname="Question3.Question3_TestClass">
    <ignored/>
  </testcase> <!-- Q3_RegistrationForm_UserInformtionPage_PageLoading -->
  <testcase name="Q3_RegistrationForm_BirthDayPage_ErrorValidationForEmptyData_Month_Year" time="0.0" classname="Question3.Question3_TestClass">
    <ignored/>
  </testcase> <!-- Q3_RegistrationForm_BirthDayPage_ErrorValidationForEmptyData_Month_Year -->
  <testcase name="Q3_RegistrationForm_BirthDayPage_ValidateYear" time="0.0" classname="Question3.Question3_TestClass">
    <ignored/>
  </testcase> <!-- Q3_RegistrationForm_BirthDayPage_ValidateYear -->
  <testcase name="Q3_RegistrationForm_BirthDayPage_ErrorValidationForInvalid_Date_Month_Year" time="0.0" classname="Question3.Question3_TestClass">
    <ignored/>
  </testcase> <!-- Q3_RegistrationForm_BirthDayPage_ErrorValidationForInvalid_Date_Month_Year -->
  <testcase name="Q3_RegistrationForm_ContactDetailsPage_VerifyTheValiedMobileNumber" time="0.0" classname="Question3.Question3_TestClass">
    <ignored/>
  </testcase> <!-- Q3_RegistrationForm_ContactDetailsPage_VerifyTheValiedMobileNumber -->
  <testcase name="Q3_RegistrationForm_PersonalDataPage_ErrorValidationForMaxLengthOfFirstName" time="0.0" classname="Question3.Question3_TestClass">
    <ignored/>
  </testcase> <!-- Q3_RegistrationForm_PersonalDataPage_ErrorValidationForMaxLengthOfFirstName -->
  <testcase name="Q3_RegistrationForm_UserInfrorationPage_ErrorValidationForInvaliedUserName" time="0.0" classname="Question3.Question3_TestClass">
    <ignored/>
  </testcase> <!-- Q3_RegistrationForm_UserInfrorationPage_ErrorValidationForInvaliedUserName -->
  <testcase name="Q3_RegistrationForm_UserInfrorationPage_ErrorValidationForMaxLengthExcededUserName" time="0.0" classname="Question3.Question3_TestClass">
    <ignored/>
  </testcase> <!-- Q3_RegistrationForm_UserInfrorationPage_ErrorValidationForMaxLengthExcededUserName -->
  <testcase name="Q3_RegistrationForm_ContactDetailsPage_PageLoading" time="0.0" classname="Question3.Question3_TestClass">
    <ignored/>
  </testcase> <!-- Q3_RegistrationForm_ContactDetailsPage_PageLoading -->
  <testcase name="Q3_RegistrationForm_ContactDetailsPage_ErrorValidationForEmptyEmailAddress" time="0.0" classname="Question3.Question3_TestClass">
    <ignored/>
  </testcase> <!-- Q3_RegistrationForm_ContactDetailsPage_ErrorValidationForEmptyEmailAddress -->
  <testcase name="Q3_RegistrationForm_UserInfrorationPage_VerifyMaxLengthNotExcededUserName" time="0.0" classname="Question3.Question3_TestClass">
    <ignored/>
  </testcase> <!-- Q3_RegistrationForm_UserInfrorationPage_VerifyMaxLengthNotExcededUserName -->
  <testcase name="Q3_RegistrationForm_UserInfrorationPage_ErrorValidataionForEmptyUserName" time="0.0" classname="Question3.Question3_TestClass">
    <ignored/>
  </testcase> <!-- Q3_RegistrationForm_UserInfrorationPage_ErrorValidataionForEmptyUserName -->
  <testcase name="Q3_RegistrationForm_ContactDetailsPage_ErrorValidationForInvaliedMobileNumber" time="0.0" classname="Question3.Question3_TestClass">
    <ignored/>
  </testcase> <!-- Q3_RegistrationForm_ContactDetailsPage_ErrorValidationForInvaliedMobileNumber -->
  <testcase name="Q3_RegistrationForm_ContactDetailsPage_ErrorValidationForInvaliedEmailAddress" time="0.0" classname="Question3.Question3_TestClass">
    <ignored/>
  </testcase> <!-- Q3_RegistrationForm_ContactDetailsPage_ErrorValidationForInvaliedEmailAddress -->
  <testcase name="Q3_RegistrationForm_UserInfrorationPage_SucessfulUserRegistration" time="0.0" classname="Question3.Question3_TestClass">
    <ignored/>
  </testcase> <!-- Q3_RegistrationForm_UserInfrorationPage_SucessfulUserRegistration -->
  <testcase name="Q3_RegistrationForm_PersonalDataPage_PageLoading" time="0.0" classname="Question3.Question3_TestClass">
    <ignored/>
  </testcase> <!-- Q3_RegistrationForm_PersonalDataPage_PageLoading -->
  <testcase name="Q3_RegistrationForm_PersonalDataPage_ErrorValidationForMaxLengthOfLastName" time="0.0" classname="Question3.Question3_TestClass">
    <ignored/>
  </testcase> <!-- Q3_RegistrationForm_PersonalDataPage_ErrorValidationForMaxLengthOfLastName -->
  <testcase name="Q3_RegistrationForm_ContactDetailsPage_SucessfullyAddingContactData" time="0.0" classname="Question3.Question3_TestClass">
    <ignored/>
  </testcase> <!-- Q3_RegistrationForm_ContactDetailsPage_SucessfullyAddingContactData -->
  <testcase name="Q3_RegistrationForm_PersonalDataPage_ErrorValidationForEmptyLastName" time="0.0" classname="Question3.Question3_TestClass">
    <ignored/>
  </testcase> <!-- Q3_RegistrationForm_PersonalDataPage_ErrorValidationForEmptyLastName -->
</testsuite> <!-- Default test -->
