<?xml version="1.0" encoding="UTF-8"?>
<!-- Generated by org.testng.reporters.JUnitXMLReporter -->
<testsuite hostname="CLLK-AKILAT" ignored="10" name="Default test" tests="1" failures="0" timestamp="03 Sep 2019 06:30:00 GMT" time="16.445" errors="0">
  <testcase name="Empty_EmailAddress" time="16.421" classname="Question3.Question3_TestClass"/>
  <testcase name="emptyLastNameValidation" time="0.0" classname="Question3.Question3_TestClass">
    <ignored/>
  </testcase> <!-- emptyLastNameValidation -->
  <testcase name="LoadContactDetailsPage" time="0.0" classname="Question3.Question3_TestClass">
    <ignored/>
  </testcase> <!-- LoadContactDetailsPage -->
  <testcase name="FirstNameLengthValidation" time="0.0" classname="Question3.Question3_TestClass">
    <ignored/>
  </testcase> <!-- FirstNameLengthValidation -->
  <testcase name="emptyFirstNameValidation" time="0.0" classname="Question3.Question3_TestClass">
    <ignored/>
  </testcase> <!-- emptyFirstNameValidation -->
  <testcase name="invaliedFirstNameValidation" time="0.0" classname="Question3.Question3_TestClass">
    <ignored/>
  </testcase> <!-- invaliedFirstNameValidation -->
  <testcase name="EmailAddressValidation_False" time="0.0" classname="Question3.Question3_TestClass">
    <ignored/>
  </testcase> <!-- EmailAddressValidation_False -->
  <testcase name="loadLogin" time="0.0" classname="Question3.Question3_TestClass">
    <ignored/>
  </testcase> <!-- loadLogin -->
  <testcase name="invaliedLastNameValidation" time="0.0" classname="Question3.Question3_TestClass">
    <ignored/>
  </testcase> <!-- invaliedLastNameValidation -->
  <testcase name="LastNameLengthValidation" time="0.0" classname="Question3.Question3_TestClass">
    <ignored/>
  </testcase> <!-- LastNameLengthValidation -->
  <testcase name="EmailAddressValidation_True" time="0.0" classname="Question3.Question3_TestClass">
    <ignored/>
  </testcase> <!-- EmailAddressValidation_True -->
</testsuite> <!-- Default test -->
